2018-10-11 14:24:33,217 DEBUG -发现log4net组件,可以输出日志
2018-10-11 14:24:33,273 DEBUG -[COM4] [Send] FFFF0005A000000000A5
2018-10-11 14:24:33,372 DEBUG -[COM4] [Recv] FFFF0004A0020000A6
2018-10-11 14:24:33,403 DEBUG -[COM4] [Send] FFFF0005F000000000F5
2018-10-11 14:24:33,436 DEBUG -[COM4] [Recv] FFFF0012F0106A7720171016120103025E0D111111119F
2018-10-11 14:24:33,468 DEBUG -[COM4] [Send] FFFF0005B400000000B1
2018-10-11 14:24:33,541 DEBUG -[COM4] [Recv] FFFF0006B4040000040EBC
2018-10-11 14:24:33,554 DEBUG -[COM4] [Send] FFFF0005A8009D000030
2018-10-11 14:24:33,584 DEBUG -[COM4] [Recv] FFFF0008A806000000000000A6
2018-10-11 14:24:33,596 DEBUG -[COM4] [Send] FFFF0005F316000000E0
2018-10-11 14:24:33,627 DEBUG -[COM4] [Recv] FFFF0004F3020000F5
2018-10-11 14:24:33,640 DEBUG -[COM4] [Send] FFFF0005F501000000F1
2018-10-11 14:24:33,692 DEBUG -[COM4] [Recv] FFFF0004F5020000F3
2018-10-11 14:24:33,703 DEBUG -[COM4] [Send] FFFF0005B701FD44000A
2018-10-11 14:24:33,734 DEBUG -[COM4] [Recv] FFFF0004B7020000B1
2018-10-11 14:24:33,745 DEBUG -[COM4] [Send] FFFF0005B100000000B4
2018-10-11 14:24:33,797 DEBUG -[COM4] [Recv] FFFF0004B1020000B7
2018-10-11 14:24:33,808 DEBUG -[COM4] [Send] FFFF0005B0000013882E
2018-10-11 14:24:33,839 DEBUG -[COM4] [Recv] FFFF0004B0020000B6
2018-10-11 14:24:33,850 DEBUG -[COM4] [Send] FFFF0005FA00000000FF
2018-10-11 14:24:33,881 DEBUG -[COM4] [Recv] FFFF0004FA020000FC
2018-10-11 14:24:33,892 DEBUG -[COM4] [Send] FFFF0005B600000000B3
2018-10-11 14:24:33,944 DEBUG -[COM4] [Recv] FFFF0004B6020000B0
2018-10-11 14:24:35,089 DEBUG -[COM4] [Send] FFFF0005F200000000F7
2018-10-11 14:24:35,118 DEBUG -[COM4] [Recv] FFFF0004F2020000F4
2018-10-11 14:24:35,130 DEBUG -[COM4] [Send] FFFF0005F200000000F7
2018-10-11 14:24:35,161 DEBUG -[COM4] [Recv] FFFF0004F2020000F4
2018-10-11 14:24:35,161 DEBUG -[COM4] [Send] FFFF0005A100000000A4
2018-10-11 14:24:35,203 DEBUG -[COM4] [Recv] FFFF0004A1020000A7
